
> bookmeter@1.0.0 wish
> tsx src/index.ts full wish

Execution plan => mode=full, target=wish, forceRefresh=false, scrape=remote(login=true), phases=compare -> fetchBiblio -> crawlDescriptions -> persist -> exportCsv -> uploadDb
Loading previous book list from SQLite database (table: wish)
Loaded 1822 cached books from SQLite.
Login Completed!
Scraping Started!
scanning page 1
scanning page 2
scanning page 3
scanning page 4
scanning page 5
scanning page 6
scanning page 7
scanning page 8
scanning page 9
scanning page 10
scanning page 11
scanning page 12
scanning page 13
scanning page 14
scanning page 15
scanning page 16
scanning page 17
scanning page 18
scanning page 19
scanning page 20
scanning page 21
scanning page 22
scanning page 23
scanning page 24
scanning page 25
scanning page 26
scanning page 27
scanning page 28
scanning page 29
scanning page 30
scanning page 31
scanning page 32
scanning page 33
scanning page 34
scanning page 35
scanning page 36
scanning page 37
scanning page 38
scanning page 39
scanning page 40
scanning page 41
scanning page 42
scanning page 43
scanning page 44
scanning page 45
scanning page 46
scanning page 47
scanning page 48
scanning page 49
scanning page 50
scanning page 51
scanning page 52
scanning page 53
scanning page 54
scanning page 55
scanning page 56
scanning page 57
scanning page 58
scanning page 59
scanning page 60
scanning page 61
scanning page 62
scanning page 63
scanning page 64
scanning page 65
scanning page 66
scanning page 67
scanning page 68
scanning page 69
scanning page 70
scanning page 71
scanning page 72
scanning page 73
scanning page 74
Bookmeter Scraping Completed!
Cannot find any differences between the local and remote. The process will be aborted...
Generating library CSV reports for wish list
Finished writing ./csv/not_in_Sophia.csv
Finished writing ./csv/in_Sophia.csv
Finished writing ./csv/not_in_UTokyo.csv
Finished writing ./csv/in_UTokyo.csv
Finished writing ./csv/in_Sophia_but_not_in_UTokyo.csv
Finished writing ./csv/in_UTokyo_but_not_in_Sophia.csv
Finished writing ./csv/not_in_Sophia_and_UTokyo.csv
The processs took 254 seconds
